<?xml version="1.0" encoding="UTF-8"?>
<testng-results ignored="0" total="2" passed="2" failed="0" skipped="0">
  <reporter-output>
  </reporter-output>
  <suite started-at="2023-12-08T14:57:02 IST" name="Default suite" finished-at="2023-12-08T14:57:15 IST" duration-ms="13323">
    <groups>
    </groups>
    <test started-at="2023-12-08T14:57:02 IST" name="Default test" finished-at="2023-12-08T14:57:15 IST" duration-ms="13323">
      <class name="ccc.ToTest">
        <test-method is-config="true" signature="befcl()[pri:0, instance:ccc.ToTest@f0c8a99]" started-at="2023-12-08T14:57:02 IST" name="befcl" finished-at="2023-12-08T14:57:10 IST" duration-ms="8188" status="PASS">
          <reporter-output>
          </reporter-output>
        </test-method> <!-- befcl -->
        <test-method signature="a()[pri:0, instance:ccc.ToTest@f0c8a99]" started-at="2023-12-08T14:57:10 IST" name="a" finished-at="2023-12-08T14:57:14 IST" duration-ms="4141" status="PASS">
          <reporter-output>
          </reporter-output>
        </test-method> <!-- a -->
        <test-method signature="b()[pri:0, instance:ccc.ToTest@f0c8a99]" started-at="2023-12-08T14:57:14 IST" name="b" finished-at="2023-12-08T14:57:15 IST" duration-ms="895" status="PASS">
          <reporter-output>
          </reporter-output>
        </test-method> <!-- b -->
      </class> <!-- ccc.ToTest -->
    </test> <!-- Default test -->
  </suite> <!-- Default suite -->
</testng-results>
